2019-10-27 15:54:14.126  INFO 14868 --- [main] t.w.weshop.user.WeshopUserApplication    : Starting WeshopUserApplication on LAPTOP-8E5RVM64 with PID 14868 (D:\project\weshopparent\weshopuser\target\classes started by TJR_S in D:\project\weshopparent)
2019-10-27 15:54:14.129 DEBUG 14868 --- [main] t.w.weshop.user.WeshopUserApplication    : Running with Spring Boot v2.1.8.RELEASE, Spring v5.1.9.RELEASE
2019-10-27 15:54:14.130  INFO 14868 --- [main] t.w.weshop.user.WeshopUserApplication    : No active profile set, falling back to default profiles: default
2019-10-27 15:54:16.069  INFO 14868 --- [main] o.s.b.w.embedded.tomcat.TomcatWebServer  : Tomcat initialized with port(s): 8080 (http)
2019-10-27 15:54:16.103  INFO 14868 --- [main] o.apache.catalina.core.StandardService   : Starting service [Tomcat]
2019-10-27 15:54:16.103  INFO 14868 --- [main] org.apache.catalina.core.StandardEngine  : Starting Servlet engine: [Apache Tomcat/9.0.24]
2019-10-27 15:54:16.241  INFO 14868 --- [main] o.a.c.c.C.[Tomcat].[localhost].[/]       : Initializing Spring embedded WebApplicationContext
2019-10-27 15:54:16.241  INFO 14868 --- [main] o.s.web.context.ContextLoader            : Root WebApplicationContext: initialization completed in 2046 ms
2019-10-27 15:54:16.313  WARN 14868 --- [main] ConfigServletWebServerApplicationContext : Exception encountered during context initialization - cancelling refresh attempt: org.springframework.beans.factory.UnsatisfiedDependencyException: Error creating bean with name 'userController': Unsatisfied dependency expressed through field 'service'; nested exception is org.springframework.beans.factory.NoSuchBeanDefinitionException: No qualifying bean of type 'tech.wetech.weshop.common.service.IService<tech.wetech.weshop.user.po.User>' available: expected at least 1 bean which qualifies as autowire candidate. Dependency annotations: {@org.springframework.beans.factory.annotation.Autowired(required=true)}
2019-10-27 15:54:16.318  INFO 14868 --- [main] o.apache.catalina.core.StandardService   : Stopping service [Tomcat]
2019-10-27 15:54:16.330  INFO 14868 --- [main] ConditionEvaluationReportLoggingListener : 

Error starting ApplicationContext. To display the conditions report re-run your application with 'debug' enabled.
2019-10-27 15:54:16.420 ERROR 14868 --- [main] o.s.b.d.LoggingFailureAnalysisReporter   : 

***************************
APPLICATION FAILED TO START
***************************

Description:

Field service in tech.wetech.weshop.common.api.BaseApi required a bean of type 'tech.wetech.weshop.common.service.IService' that could not be found.

The injection point has the following annotations:
	- @org.springframework.beans.factory.annotation.Autowired(required=true)


Action:

Consider defining a bean of type 'tech.wetech.weshop.common.service.IService' in your configuration.

2019-10-27 15:55:20.476  INFO 3544 --- [main] t.w.weshop.user.WeshopUserApplication    : Starting WeshopUserApplication on LAPTOP-8E5RVM64 with PID 3544 (D:\project\weshopparent\weshopuser\target\classes started by TJR_S in D:\project\weshopparent)
2019-10-27 15:55:20.480 DEBUG 3544 --- [main] t.w.weshop.user.WeshopUserApplication    : Running with Spring Boot v2.1.8.RELEASE, Spring v5.1.9.RELEASE
2019-10-27 15:55:20.481  INFO 3544 --- [main] t.w.weshop.user.WeshopUserApplication    : No active profile set, falling back to default profiles: default
2019-10-27 15:55:23.557  INFO 3544 --- [main] o.s.b.w.embedded.tomcat.TomcatWebServer  : Tomcat initialized with port(s): 8080 (http)
2019-10-27 15:55:23.585  INFO 3544 --- [main] o.apache.catalina.core.StandardService   : Starting service [Tomcat]
2019-10-27 15:55:23.585  INFO 3544 --- [main] org.apache.catalina.core.StandardEngine  : Starting Servlet engine: [Apache Tomcat/9.0.24]
2019-10-27 15:55:23.740  INFO 3544 --- [main] o.a.c.c.C.[Tomcat].[localhost].[/]       : Initializing Spring embedded WebApplicationContext
2019-10-27 15:55:23.740  INFO 3544 --- [main] o.s.web.context.ContextLoader            : Root WebApplicationContext: initialization completed in 3127 ms
2019-10-27 15:55:24.351  INFO 3544 --- [main] pertySourcedRequestMappingHandlerMapping : Mapped URL path [/v2/api-docs] onto method [public org.springframework.http.ResponseEntity<springfox.documentation.spring.web.json.Json> springfox.documentation.swagger2.web.Swagger2Controller.getDocumentation(java.lang.String,javax.servlet.http.HttpServletRequest)]
2019-10-27 15:55:24.642  INFO 3544 --- [main] d.s.w.p.DocumentationPluginsBootstrapper : Context refreshed
2019-10-27 15:55:24.701  INFO 3544 --- [main] d.s.w.p.DocumentationPluginsBootstrapper : Found 1 custom documentation plugin(s)
2019-10-27 15:55:24.776  INFO 3544 --- [main] s.d.s.w.s.ApiListingReferenceScanner     : Scanning for api listing references
2019-10-27 15:55:25.141  WARN 3544 --- [main] s.d.s.p.CachingModelPropertiesProvider   : Exception calculating properties for model(tech.wetech.weshop.common.utils.Criteria<tech.wetech.weshop.user.po.User,java.lang.Object>) -> ModelContext{groupName=default, type=tech.wetech.weshop.common.utils.Criteria<tech.wetech.weshop.user.po.User,java.lang.Object>, isReturnType=false}. java.lang.IllegalArgumentException: Can not create TypeBinding for class tech.wetech.weshop.common.utils.Criteria$Statement with 2 type parameters: class expects 1
2019-10-27 15:55:25.144  WARN 3544 --- [main] s.d.s.p.CachingModelPropertiesProvider   : Exception calculating properties for model(tech.wetech.weshop.common.utils.Criteria<tech.wetech.weshop.user.po.User,java.lang.Object>) -> ModelContext{groupName=default, type=tech.wetech.weshop.common.utils.Criteria<tech.wetech.weshop.user.po.User,java.lang.Object>, isReturnType=false}. java.lang.IllegalArgumentException: Can not create TypeBinding for class tech.wetech.weshop.common.utils.Criteria$Statement with 2 type parameters: class expects 1
2019-10-27 15:55:25.337  INFO 3544 --- [main] o.s.b.w.embedded.tomcat.TomcatWebServer  : Tomcat started on port(s): 8080 (http) with context path ''
2019-10-27 15:55:25.343  INFO 3544 --- [main] t.w.weshop.user.WeshopUserApplication    : Started WeshopUserApplication in 5.369 seconds (JVM running for 6.341)
2019-10-27 16:03:48.443  INFO 14196 --- [main] t.w.weshop.user.WeshopUserApplication    : Starting WeshopUserApplication on LAPTOP-8E5RVM64 with PID 14196 (D:\project\weshopparent\weshopuser\target\classes started by TJR_S in D:\project\weshopparent)
2019-10-27 16:03:48.448 DEBUG 14196 --- [main] t.w.weshop.user.WeshopUserApplication    : Running with Spring Boot v2.1.8.RELEASE, Spring v5.1.9.RELEASE
2019-10-27 16:03:48.448  INFO 14196 --- [main] t.w.weshop.user.WeshopUserApplication    : No active profile set, falling back to default profiles: default
2019-10-27 16:03:51.589  INFO 14196 --- [main] o.s.b.w.embedded.tomcat.TomcatWebServer  : Tomcat initialized with port(s): 8080 (http)
2019-10-27 16:03:51.630  INFO 14196 --- [main] o.apache.catalina.core.StandardService   : Starting service [Tomcat]
2019-10-27 16:03:51.630  INFO 14196 --- [main] org.apache.catalina.core.StandardEngine  : Starting Servlet engine: [Apache Tomcat/9.0.24]
2019-10-27 16:03:51.904  INFO 14196 --- [main] o.a.c.c.C.[Tomcat].[localhost].[/]       : Initializing Spring embedded WebApplicationContext
2019-10-27 16:03:51.904  INFO 14196 --- [main] o.s.web.context.ContextLoader            : Root WebApplicationContext: initialization completed in 3331 ms
2019-10-27 16:03:53.356  INFO 14196 --- [main] pertySourcedRequestMappingHandlerMapping : Mapped URL path [/v2/api-docs] onto method [public org.springframework.http.ResponseEntity<springfox.documentation.spring.web.json.Json> springfox.documentation.swagger2.web.Swagger2Controller.getDocumentation(java.lang.String,javax.servlet.http.HttpServletRequest)]
2019-10-27 16:03:53.548  INFO 14196 --- [main] d.s.w.p.DocumentationPluginsBootstrapper : Context refreshed
2019-10-27 16:03:53.589  INFO 14196 --- [main] d.s.w.p.DocumentationPluginsBootstrapper : Found 1 custom documentation plugin(s)
2019-10-27 16:03:53.635  INFO 14196 --- [main] s.d.s.w.s.ApiListingReferenceScanner     : Scanning for api listing references
2019-10-27 16:03:53.870  WARN 14196 --- [main] s.d.s.p.CachingModelPropertiesProvider   : Exception calculating properties for model(tech.wetech.weshop.common.utils.Criteria<tech.wetech.weshop.user.po.User,java.lang.Object>) -> ModelContext{groupName=default, type=tech.wetech.weshop.common.utils.Criteria<tech.wetech.weshop.user.po.User,java.lang.Object>, isReturnType=false}. java.lang.IllegalArgumentException: Can not create TypeBinding for class tech.wetech.weshop.common.utils.Criteria$Statement with 2 type parameters: class expects 1
2019-10-27 16:03:53.872  WARN 14196 --- [main] s.d.s.p.CachingModelPropertiesProvider   : Exception calculating properties for model(tech.wetech.weshop.common.utils.Criteria<tech.wetech.weshop.user.po.User,java.lang.Object>) -> ModelContext{groupName=default, type=tech.wetech.weshop.common.utils.Criteria<tech.wetech.weshop.user.po.User,java.lang.Object>, isReturnType=false}. java.lang.IllegalArgumentException: Can not create TypeBinding for class tech.wetech.weshop.common.utils.Criteria$Statement with 2 type parameters: class expects 1
2019-10-27 16:03:53.994  INFO 14196 --- [main] o.s.b.w.embedded.tomcat.TomcatWebServer  : Tomcat started on port(s): 8080 (http) with context path ''
2019-10-27 16:03:53.997  INFO 14196 --- [main] t.w.weshop.user.WeshopUserApplication    : Started WeshopUserApplication in 6.212 seconds (JVM running for 7.194)
2019-10-27 16:04:26.481  INFO 14196 --- [http-nio-8080-exec-1] o.a.c.c.C.[Tomcat].[localhost].[/]       : Initializing Spring DispatcherServlet 'dispatcherServlet'
2019-10-27 16:04:26.481  INFO 14196 --- [http-nio-8080-exec-1] o.s.web.servlet.DispatcherServlet        : Initializing Servlet 'dispatcherServlet'
2019-10-27 16:04:26.490  INFO 14196 --- [http-nio-8080-exec-1] o.s.web.servlet.DispatcherServlet        : Completed initialization in 9 ms
2019-10-27 16:04:26.506  WARN 14196 --- [http-nio-8080-exec-1] o.s.web.servlet.PageNotFound             : No mapping for GET /user/sayhello
2019-10-27 16:04:26.704  WARN 14196 --- [http-nio-8080-exec-2] o.s.web.servlet.PageNotFound             : No mapping for GET /favicon.ico
2019-10-27 16:04:34.961  WARN 14196 --- [http-nio-8080-exec-3] o.s.web.servlet.PageNotFound             : No mapping for GET /user/sayhello
2019-10-27 16:04:58.996  WARN 14196 --- [http-nio-8080-exec-6] .w.s.m.s.DefaultHandlerExceptionResolver : Resolved [org.springframework.web.bind.MissingServletRequestParameterException: Required String parameter 'name' is not present]
2019-10-27 16:13:33.553  WARN 14196 --- [http-nio-8080-exec-2] .w.s.m.s.DefaultHandlerExceptionResolver : Resolved [org.springframework.web.HttpRequestMethodNotSupportedException: Request method 'GET' not supported]
2019-10-27 16:13:42.059  WARN 14196 --- [http-nio-8080-exec-3] .w.s.m.s.DefaultHandlerExceptionResolver : Resolved [org.springframework.http.converter.HttpMessageNotReadableException: Required request body is missing: public tech.wetech.weshop.common.utils.Result<java.util.List<T>> tech.wetech.weshop.common.api.BaseApi.queryList(T)]
2019-10-27 16:14:16.936  WARN 14196 --- [http-nio-8080-exec-4] .w.s.m.s.DefaultHandlerExceptionResolver : Resolved [org.springframework.http.converter.HttpMessageNotReadableException: Required request body is missing: public tech.wetech.weshop.common.utils.Result<java.util.List<T>> tech.wetech.weshop.common.api.BaseApi.queryList(T)]
2019-10-27 16:21:46.957  INFO 12136 --- [main] t.w.weshop.user.WeshopUserApplication    : Starting WeshopUserApplication on LAPTOP-8E5RVM64 with PID 12136 (D:\project\weshopparent\weshopuser\target\classes started by TJR_S in D:\project\weshopparent)
2019-10-27 16:21:46.960 DEBUG 12136 --- [main] t.w.weshop.user.WeshopUserApplication    : Running with Spring Boot v2.1.8.RELEASE, Spring v5.1.9.RELEASE
2019-10-27 16:21:46.961  INFO 12136 --- [main] t.w.weshop.user.WeshopUserApplication    : No active profile set, falling back to default profiles: default
2019-10-27 16:21:48.766  WARN 12136 --- [main] ConfigServletWebServerApplicationContext : Exception encountered during context initialization - cancelling refresh attempt: org.springframework.context.ApplicationContextException: Unable to start web server; nested exception is org.springframework.beans.factory.BeanCreationException: Error creating bean with name 'tomcatServletWebServerFactory' defined in class path resource [org/springframework/boot/autoconfigure/web/servlet/ServletWebServerFactoryConfiguration$EmbeddedTomcat.class]: Initialization of bean failed; nested exception is java.lang.IllegalArgumentException: ContextPath must start with '/' and not end with '/'
2019-10-27 16:21:48.776  INFO 12136 --- [main] ConditionEvaluationReportLoggingListener : 

Error starting ApplicationContext. To display the conditions report re-run your application with 'debug' enabled.
2019-10-27 16:21:48.779 ERROR 12136 --- [main] o.s.boot.SpringApplication               : Application run failed

org.springframework.context.ApplicationContextException: Unable to start web server; nested exception is org.springframework.beans.factory.BeanCreationException: Error creating bean with name 'tomcatServletWebServerFactory' defined in class path resource [org/springframework/boot/autoconfigure/web/servlet/ServletWebServerFactoryConfiguration$EmbeddedTomcat.class]: Initialization of bean failed; nested exception is java.lang.IllegalArgumentException: ContextPath must start with '/' and not end with '/'
	at org.springframework.boot.web.servlet.context.ServletWebServerApplicationContext.onRefresh(ServletWebServerApplicationContext.java:156)
	at org.springframework.context.support.AbstractApplicationContext.refresh(AbstractApplicationContext.java:543)
	at org.springframework.boot.web.servlet.context.ServletWebServerApplicationContext.refresh(ServletWebServerApplicationContext.java:141)
	at org.springframework.boot.SpringApplication.refresh(SpringApplication.java:744)
	at org.springframework.boot.SpringApplication.refreshContext(SpringApplication.java:391)
	at org.springframework.boot.SpringApplication.run(SpringApplication.java:312)
	at org.springframework.boot.SpringApplication.run(SpringApplication.java:1215)
	at org.springframework.boot.SpringApplication.run(SpringApplication.java:1204)
	at tech.wetech.weshop.user.WeshopUserApplication.main(WeshopUserApplication.java:21)
Caused by: org.springframework.beans.factory.BeanCreationException: Error creating bean with name 'tomcatServletWebServerFactory' defined in class path resource [org/springframework/boot/autoconfigure/web/servlet/ServletWebServerFactoryConfiguration$EmbeddedTomcat.class]: Initialization of bean failed; nested exception is java.lang.IllegalArgumentException: ContextPath must start with '/' and not end with '/'
	at org.springframework.beans.factory.support.AbstractAutowireCapableBeanFactory.doCreateBean(AbstractAutowireCapableBeanFactory.java:601)
	at org.springframework.beans.factory.support.AbstractAutowireCapableBeanFactory.createBean(AbstractAutowireCapableBeanFactory.java:515)
	at org.springframework.beans.factory.support.AbstractBeanFactory.lambda$doGetBean$0(AbstractBeanFactory.java:320)
	at org.springframework.beans.factory.support.DefaultSingletonBeanRegistry.getSingleton(DefaultSingletonBeanRegistry.java:222)
	at org.springframework.beans.factory.support.AbstractBeanFactory.doGetBean(AbstractBeanFactory.java:318)
	at org.springframework.beans.factory.support.AbstractBeanFactory.getBean(AbstractBeanFactory.java:204)
	at org.springframework.boot.web.servlet.context.ServletWebServerApplicationContext.getWebServerFactory(ServletWebServerApplicationContext.java:210)
	at org.springframework.boot.web.servlet.context.ServletWebServerApplicationContext.createWebServer(ServletWebServerApplicationContext.java:179)
	at org.springframework.boot.web.servlet.context.ServletWebServerApplicationContext.onRefresh(ServletWebServerApplicationContext.java:153)
	... 8 common frames omitted
Caused by: java.lang.IllegalArgumentException: ContextPath must start with '/' and not end with '/'
	at org.springframework.boot.web.servlet.server.AbstractServletWebServerFactory.checkContextPath(AbstractServletWebServerFactory.java:133)
	at org.springframework.boot.web.servlet.server.AbstractServletWebServerFactory.setContextPath(AbstractServletWebServerFactory.java:122)
	at org.springframework.boot.context.properties.PropertyMapper$Source.to(PropertyMapper.java:316)
	at org.springframework.boot.autoconfigure.web.servlet.ServletWebServerFactoryCustomizer.customize(ServletWebServerFactoryCustomizer.java:54)
	at org.springframework.boot.autoconfigure.web.servlet.ServletWebServerFactoryCustomizer.customize(ServletWebServerFactoryCustomizer.java:35)
	at org.springframework.boot.web.server.WebServerFactoryCustomizerBeanPostProcessor.lambda$postProcessBeforeInitialization$0(WebServerFactoryCustomizerBeanPostProcessor.java:72)
	at org.springframework.boot.util.LambdaSafe$Callbacks.lambda$null$0(LambdaSafe.java:284)
	at org.springframework.boot.util.LambdaSafe$LambdaSafeCallback.invoke(LambdaSafe.java:155)
	at org.springframework.boot.util.LambdaSafe$Callbacks.lambda$invoke$1(LambdaSafe.java:283)
	at java.util.ArrayList.forEach(ArrayList.java:1257)
	at java.util.Collections$UnmodifiableCollection.forEach(Collections.java:1080)
	at org.springframework.boot.util.LambdaSafe$Callbacks.invoke(LambdaSafe.java:282)
	at org.springframework.boot.web.server.WebServerFactoryCustomizerBeanPostProcessor.postProcessBeforeInitialization(WebServerFactoryCustomizerBeanPostProcessor.java:72)
	at org.springframework.boot.web.server.WebServerFactoryCustomizerBeanPostProcessor.postProcessBeforeInitialization(WebServerFactoryCustomizerBeanPostProcessor.java:58)
	at org.springframework.beans.factory.support.AbstractAutowireCapableBeanFactory.applyBeanPostProcessorsBeforeInitialization(AbstractAutowireCapableBeanFactory.java:414)
	at org.springframework.beans.factory.support.AbstractAutowireCapableBeanFactory.initializeBean(AbstractAutowireCapableBeanFactory.java:1770)
	at org.springframework.beans.factory.support.AbstractAutowireCapableBeanFactory.doCreateBean(AbstractAutowireCapableBeanFactory.java:593)
	... 16 common frames omitted

2019-10-27 16:22:23.083  INFO 11576 --- [main] t.w.weshop.user.WeshopUserApplication    : Starting WeshopUserApplication on LAPTOP-8E5RVM64 with PID 11576 (D:\project\weshopparent\weshopuser\target\classes started by TJR_S in D:\project\weshopparent)
2019-10-27 16:22:23.087 DEBUG 11576 --- [main] t.w.weshop.user.WeshopUserApplication    : Running with Spring Boot v2.1.8.RELEASE, Spring v5.1.9.RELEASE
2019-10-27 16:22:23.088  INFO 11576 --- [main] t.w.weshop.user.WeshopUserApplication    : No active profile set, falling back to default profiles: default
2019-10-27 16:22:25.399  INFO 11576 --- [main] o.s.b.w.embedded.tomcat.TomcatWebServer  : Tomcat initialized with port(s): 8080 (http)
2019-10-27 16:22:25.439  INFO 11576 --- [main] o.apache.catalina.core.StandardService   : Starting service [Tomcat]
2019-10-27 16:22:25.439  INFO 11576 --- [main] org.apache.catalina.core.StandardEngine  : Starting Servlet engine: [Apache Tomcat/9.0.24]
2019-10-27 16:22:25.652  INFO 11576 --- [main] o.a.c.c.C.[Tomcat].[localhost].[/shop]   : Initializing Spring embedded WebApplicationContext
2019-10-27 16:22:25.652  INFO 11576 --- [main] o.s.web.context.ContextLoader            : Root WebApplicationContext: initialization completed in 2448 ms
2019-10-27 16:22:26.341  INFO 11576 --- [main] pertySourcedRequestMappingHandlerMapping : Mapped URL path [/v2/api-docs] onto method [public org.springframework.http.ResponseEntity<springfox.documentation.spring.web.json.Json> springfox.documentation.swagger2.web.Swagger2Controller.getDocumentation(java.lang.String,javax.servlet.http.HttpServletRequest)]
2019-10-27 16:22:26.552  INFO 11576 --- [main] d.s.w.p.DocumentationPluginsBootstrapper : Context refreshed
2019-10-27 16:22:26.586  INFO 11576 --- [main] d.s.w.p.DocumentationPluginsBootstrapper : Found 1 custom documentation plugin(s)
2019-10-27 16:22:26.637  INFO 11576 --- [main] s.d.s.w.s.ApiListingReferenceScanner     : Scanning for api listing references
2019-10-27 16:22:26.872  WARN 11576 --- [main] s.d.s.p.CachingModelPropertiesProvider   : Exception calculating properties for model(tech.wetech.weshop.common.utils.Criteria<tech.wetech.weshop.user.po.User,java.lang.Object>) -> ModelContext{groupName=default, type=tech.wetech.weshop.common.utils.Criteria<tech.wetech.weshop.user.po.User,java.lang.Object>, isReturnType=false}. java.lang.IllegalArgumentException: Can not create TypeBinding for class tech.wetech.weshop.common.utils.Criteria$Statement with 2 type parameters: class expects 1
2019-10-27 16:22:26.874  WARN 11576 --- [main] s.d.s.p.CachingModelPropertiesProvider   : Exception calculating properties for model(tech.wetech.weshop.common.utils.Criteria<tech.wetech.weshop.user.po.User,java.lang.Object>) -> ModelContext{groupName=default, type=tech.wetech.weshop.common.utils.Criteria<tech.wetech.weshop.user.po.User,java.lang.Object>, isReturnType=false}. java.lang.IllegalArgumentException: Can not create TypeBinding for class tech.wetech.weshop.common.utils.Criteria$Statement with 2 type parameters: class expects 1
2019-10-27 16:22:26.980  INFO 11576 --- [main] o.s.b.w.embedded.tomcat.TomcatWebServer  : Tomcat started on port(s): 8080 (http) with context path '/shop'
2019-10-27 16:22:26.982  INFO 11576 --- [main] t.w.weshop.user.WeshopUserApplication    : Started WeshopUserApplication in 4.445 seconds (JVM running for 5.32)
2019-10-27 16:22:39.934  INFO 11576 --- [http-nio-8080-exec-2] o.a.c.c.C.[Tomcat].[localhost].[/shop]   : Initializing Spring DispatcherServlet 'dispatcherServlet'
2019-10-27 16:22:39.934  INFO 11576 --- [http-nio-8080-exec-2] o.s.web.servlet.DispatcherServlet        : Initializing Servlet 'dispatcherServlet'
2019-10-27 16:22:39.946  INFO 11576 --- [http-nio-8080-exec-2] o.s.web.servlet.DispatcherServlet        : Completed initialization in 12 ms
2019-10-27 16:23:39.279  WARN 11576 --- [http-nio-8080-exec-4] o.s.web.servlet.PageNotFound             : No mapping for GET /shop/swagger-ui.html
2019-10-27 16:24:19.123  WARN 11576 --- [http-nio-8080-exec-7] o.s.web.servlet.PageNotFound             : No mapping for GET /shop/swagger-ui.html
2019-10-27 16:25:43.791  WARN 11576 --- [http-nio-8080-exec-10] o.s.web.servlet.PageNotFound             : No mapping for GET /shop/swagger-ui.html
2019-10-27 16:25:44.443  WARN 11576 --- [http-nio-8080-exec-1] o.s.web.servlet.PageNotFound             : No mapping for GET /shop/swagger-ui.html
2019-10-27 16:25:44.684  WARN 11576 --- [http-nio-8080-exec-3] o.s.web.servlet.PageNotFound             : No mapping for GET /shop/swagger-ui.html
2019-10-27 16:25:44.812  WARN 11576 --- [http-nio-8080-exec-4] o.s.web.servlet.PageNotFound             : No mapping for GET /shop/swagger-ui.html
2019-10-27 16:25:58.468  INFO 10472 --- [main] t.w.weshop.user.WeshopUserApplication    : Starting WeshopUserApplication on LAPTOP-8E5RVM64 with PID 10472 (D:\project\weshopparent\weshopuser\target\classes started by TJR_S in D:\project\weshopparent)
2019-10-27 16:25:58.471 DEBUG 10472 --- [main] t.w.weshop.user.WeshopUserApplication    : Running with Spring Boot v2.1.8.RELEASE, Spring v5.1.9.RELEASE
2019-10-27 16:25:58.472  INFO 10472 --- [main] t.w.weshop.user.WeshopUserApplication    : No active profile set, falling back to default profiles: default
2019-10-27 16:26:00.852  INFO 10472 --- [main] o.s.b.w.embedded.tomcat.TomcatWebServer  : Tomcat initialized with port(s): 8080 (http)
2019-10-27 16:26:00.882  INFO 10472 --- [main] o.apache.catalina.core.StandardService   : Starting service [Tomcat]
2019-10-27 16:26:00.882  INFO 10472 --- [main] org.apache.catalina.core.StandardEngine  : Starting Servlet engine: [Apache Tomcat/9.0.24]
2019-10-27 16:26:01.025  INFO 10472 --- [main] o.a.c.c.C.[Tomcat].[localhost].[/shop]   : Initializing Spring embedded WebApplicationContext
2019-10-27 16:26:01.025  INFO 10472 --- [main] o.s.web.context.ContextLoader            : Root WebApplicationContext: initialization completed in 2484 ms
2019-10-27 16:26:01.659  INFO 10472 --- [main] pertySourcedRequestMappingHandlerMapping : Mapped URL path [/v2/api-docs] onto method [public org.springframework.http.ResponseEntity<springfox.documentation.spring.web.json.Json> springfox.documentation.swagger2.web.Swagger2Controller.getDocumentation(java.lang.String,javax.servlet.http.HttpServletRequest)]
2019-10-27 16:26:01.834  INFO 10472 --- [main] d.s.w.p.DocumentationPluginsBootstrapper : Context refreshed
2019-10-27 16:26:01.865  INFO 10472 --- [main] d.s.w.p.DocumentationPluginsBootstrapper : Found 1 custom documentation plugin(s)
2019-10-27 16:26:01.904  INFO 10472 --- [main] s.d.s.w.s.ApiListingReferenceScanner     : Scanning for api listing references
2019-10-27 16:26:02.117  WARN 10472 --- [main] s.d.s.p.CachingModelPropertiesProvider   : Exception calculating properties for model(tech.wetech.weshop.common.utils.Criteria<tech.wetech.weshop.user.po.User,java.lang.Object>) -> ModelContext{groupName=default, type=tech.wetech.weshop.common.utils.Criteria<tech.wetech.weshop.user.po.User,java.lang.Object>, isReturnType=false}. java.lang.IllegalArgumentException: Can not create TypeBinding for class tech.wetech.weshop.common.utils.Criteria$Statement with 2 type parameters: class expects 1
2019-10-27 16:26:02.119  WARN 10472 --- [main] s.d.s.p.CachingModelPropertiesProvider   : Exception calculating properties for model(tech.wetech.weshop.common.utils.Criteria<tech.wetech.weshop.user.po.User,java.lang.Object>) -> ModelContext{groupName=default, type=tech.wetech.weshop.common.utils.Criteria<tech.wetech.weshop.user.po.User,java.lang.Object>, isReturnType=false}. java.lang.IllegalArgumentException: Can not create TypeBinding for class tech.wetech.weshop.common.utils.Criteria$Statement with 2 type parameters: class expects 1
2019-10-27 16:26:02.197 ERROR 10472 --- [main] org.apache.catalina.util.LifecycleBase   : Failed to start component [Connector[HTTP/1.1-8080]]

org.apache.catalina.LifecycleException: Protocol handler start failed
	at org.apache.catalina.connector.Connector.startInternal(Connector.java:1008)
	at org.apache.catalina.util.LifecycleBase.start(LifecycleBase.java:183)
	at org.apache.catalina.core.StandardService.addConnector(StandardService.java:227)
	at org.springframework.boot.web.embedded.tomcat.TomcatWebServer.addPreviouslyRemovedConnectors(TomcatWebServer.java:263)
	at org.springframework.boot.web.embedded.tomcat.TomcatWebServer.start(TomcatWebServer.java:195)
	at org.springframework.boot.web.servlet.context.ServletWebServerApplicationContext.startWebServer(ServletWebServerApplicationContext.java:297)
	at org.springframework.boot.web.servlet.context.ServletWebServerApplicationContext.finishRefresh(ServletWebServerApplicationContext.java:163)
	at org.springframework.context.support.AbstractApplicationContext.refresh(AbstractApplicationContext.java:552)
	at org.springframework.boot.web.servlet.context.ServletWebServerApplicationContext.refresh(ServletWebServerApplicationContext.java:141)
	at org.springframework.boot.SpringApplication.refresh(SpringApplication.java:744)
	at org.springframework.boot.SpringApplication.refreshContext(SpringApplication.java:391)
	at org.springframework.boot.SpringApplication.run(SpringApplication.java:312)
	at org.springframework.boot.SpringApplication.run(SpringApplication.java:1215)
	at org.springframework.boot.SpringApplication.run(SpringApplication.java:1204)
	at tech.wetech.weshop.user.WeshopUserApplication.main(WeshopUserApplication.java:21)
Caused by: java.net.BindException: Address already in use: bind
	at sun.nio.ch.Net.bind0(Native Method)
	at sun.nio.ch.Net.bind(Net.java:433)
	at sun.nio.ch.Net.bind(Net.java:425)
	at sun.nio.ch.ServerSocketChannelImpl.bind(ServerSocketChannelImpl.java:223)
	at sun.nio.ch.ServerSocketAdaptor.bind(ServerSocketAdaptor.java:74)
	at org.apache.tomcat.util.net.NioEndpoint.initServerSocket(NioEndpoint.java:230)
	at org.apache.tomcat.util.net.NioEndpoint.bind(NioEndpoint.java:213)
	at org.apache.tomcat.util.net.AbstractEndpoint.bindWithCleanup(AbstractEndpoint.java:1124)
	at org.apache.tomcat.util.net.AbstractEndpoint.start(AbstractEndpoint.java:1210)
	at org.apache.coyote.AbstractProtocol.start(AbstractProtocol.java:585)
	at org.apache.catalina.connector.Connector.startInternal(Connector.java:1005)
	... 14 common frames omitted

2019-10-27 16:26:02.203  INFO 10472 --- [main] o.apache.catalina.core.StandardService   : Stopping service [Tomcat]
2019-10-27 16:26:02.211  INFO 10472 --- [main] ConditionEvaluationReportLoggingListener : 

Error starting ApplicationContext. To display the conditions report re-run your application with 'debug' enabled.
2019-10-27 16:26:02.212 ERROR 10472 --- [main] o.s.b.d.LoggingFailureAnalysisReporter   : 

***************************
APPLICATION FAILED TO START
***************************

Description:

The Tomcat connector configured to listen on port 8080 failed to start. The port may already be in use or the connector may be misconfigured.

Action:

Verify the connector's configuration, identify and stop any process that's listening on port 8080, or configure this application to listen on another port.

2019-10-27 16:26:23.006  INFO 12272 --- [main] t.w.weshop.user.WeshopUserApplication    : Starting WeshopUserApplication on LAPTOP-8E5RVM64 with PID 12272 (D:\project\weshopparent\weshopuser\target\classes started by TJR_S in D:\project\weshopparent)
2019-10-27 16:26:23.010 DEBUG 12272 --- [main] t.w.weshop.user.WeshopUserApplication    : Running with Spring Boot v2.1.8.RELEASE, Spring v5.1.9.RELEASE
2019-10-27 16:26:23.010  INFO 12272 --- [main] t.w.weshop.user.WeshopUserApplication    : No active profile set, falling back to default profiles: default
2019-10-27 16:26:25.323  INFO 12272 --- [main] o.s.b.w.embedded.tomcat.TomcatWebServer  : Tomcat initialized with port(s): 8080 (http)
2019-10-27 16:26:25.358  INFO 12272 --- [main] o.apache.catalina.core.StandardService   : Starting service [Tomcat]
2019-10-27 16:26:25.358  INFO 12272 --- [main] org.apache.catalina.core.StandardEngine  : Starting Servlet engine: [Apache Tomcat/9.0.24]
2019-10-27 16:26:25.500  INFO 12272 --- [main] o.a.c.c.C.[Tomcat].[localhost].[/shop]   : Initializing Spring embedded WebApplicationContext
2019-10-27 16:26:25.500  INFO 12272 --- [main] o.s.web.context.ContextLoader            : Root WebApplicationContext: initialization completed in 2385 ms
2019-10-27 16:26:26.114  INFO 12272 --- [main] pertySourcedRequestMappingHandlerMapping : Mapped URL path [/v2/api-docs] onto method [public org.springframework.http.ResponseEntity<springfox.documentation.spring.web.json.Json> springfox.documentation.swagger2.web.Swagger2Controller.getDocumentation(java.lang.String,javax.servlet.http.HttpServletRequest)]
2019-10-27 16:26:26.291  INFO 12272 --- [main] d.s.w.p.DocumentationPluginsBootstrapper : Context refreshed
2019-10-27 16:26:26.321  INFO 12272 --- [main] d.s.w.p.DocumentationPluginsBootstrapper : Found 1 custom documentation plugin(s)
2019-10-27 16:26:26.362  INFO 12272 --- [main] s.d.s.w.s.ApiListingReferenceScanner     : Scanning for api listing references
2019-10-27 16:26:26.576  WARN 12272 --- [main] s.d.s.p.CachingModelPropertiesProvider   : Exception calculating properties for model(tech.wetech.weshop.common.utils.Criteria<tech.wetech.weshop.user.po.User,java.lang.Object>) -> ModelContext{groupName=default, type=tech.wetech.weshop.common.utils.Criteria<tech.wetech.weshop.user.po.User,java.lang.Object>, isReturnType=false}. java.lang.IllegalArgumentException: Can not create TypeBinding for class tech.wetech.weshop.common.utils.Criteria$Statement with 2 type parameters: class expects 1
2019-10-27 16:26:26.577  WARN 12272 --- [main] s.d.s.p.CachingModelPropertiesProvider   : Exception calculating properties for model(tech.wetech.weshop.common.utils.Criteria<tech.wetech.weshop.user.po.User,java.lang.Object>) -> ModelContext{groupName=default, type=tech.wetech.weshop.common.utils.Criteria<tech.wetech.weshop.user.po.User,java.lang.Object>, isReturnType=false}. java.lang.IllegalArgumentException: Can not create TypeBinding for class tech.wetech.weshop.common.utils.Criteria$Statement with 2 type parameters: class expects 1
2019-10-27 16:26:26.673  INFO 12272 --- [main] o.s.b.w.embedded.tomcat.TomcatWebServer  : Tomcat started on port(s): 8080 (http) with context path '/shop'
2019-10-27 16:26:26.676  INFO 12272 --- [main] t.w.weshop.user.WeshopUserApplication    : Started WeshopUserApplication in 4.169 seconds (JVM running for 5.043)
2019-10-27 16:26:33.893  INFO 12272 --- [http-nio-8080-exec-1] o.a.c.c.C.[Tomcat].[localhost].[/shop]   : Initializing Spring DispatcherServlet 'dispatcherServlet'
2019-10-27 16:26:33.893  INFO 12272 --- [http-nio-8080-exec-1] o.s.web.servlet.DispatcherServlet        : Initializing Servlet 'dispatcherServlet'
2019-10-27 16:26:33.900  INFO 12272 --- [http-nio-8080-exec-1] o.s.web.servlet.DispatcherServlet        : Completed initialization in 7 ms
2019-10-27 16:26:33.917  WARN 12272 --- [http-nio-8080-exec-1] o.s.web.servlet.PageNotFound             : No mapping for GET /shop/swagger-ui.html
2019-10-27 16:26:43.972  WARN 12272 --- [http-nio-8080-exec-6] o.s.web.servlet.PageNotFound             : No mapping for GET /shop/
2019-10-27 16:27:00.425  WARN 12272 --- [http-nio-8080-exec-8] o.s.web.servlet.PageNotFound             : No mapping for GET /shop/index.html
2019-10-27 16:28:45.636  INFO 15416 --- [main] t.w.weshop.user.WeshopUserApplication    : Starting WeshopUserApplication on LAPTOP-8E5RVM64 with PID 15416 (D:\project\weshopparent\weshopuser\target\classes started by TJR_S in D:\project\weshopparent)
2019-10-27 16:28:45.642 DEBUG 15416 --- [main] t.w.weshop.user.WeshopUserApplication    : Running with Spring Boot v2.1.8.RELEASE, Spring v5.1.9.RELEASE
2019-10-27 16:28:45.643  INFO 15416 --- [main] t.w.weshop.user.WeshopUserApplication    : No active profile set, falling back to default profiles: default
2019-10-27 16:28:58.118  INFO 8224 --- [main] t.w.weshop.user.WeshopUserApplication    : Starting WeshopUserApplication on LAPTOP-8E5RVM64 with PID 8224 (D:\project\weshopparent\weshopuser\target\classes started by TJR_S in D:\project\weshopparent)
2019-10-27 16:28:58.124 DEBUG 8224 --- [main] t.w.weshop.user.WeshopUserApplication    : Running with Spring Boot v2.1.8.RELEASE, Spring v5.1.9.RELEASE
2019-10-27 16:28:58.125  INFO 8224 --- [main] t.w.weshop.user.WeshopUserApplication    : No active profile set, falling back to default profiles: default
2019-10-27 16:29:01.921  INFO 8224 --- [main] o.s.b.w.embedded.tomcat.TomcatWebServer  : Tomcat initialized with port(s): 8080 (http)
2019-10-27 16:29:02.021  INFO 8224 --- [main] o.apache.catalina.core.StandardService   : Starting service [Tomcat]
2019-10-27 16:29:02.023  INFO 8224 --- [main] org.apache.catalina.core.StandardEngine  : Starting Servlet engine: [Apache Tomcat/9.0.24]
2019-10-27 16:29:02.402  INFO 8224 --- [main] o.a.c.c.C.[Tomcat].[localhost].[/shop]   : Initializing Spring embedded WebApplicationContext
2019-10-27 16:29:02.402  INFO 8224 --- [main] o.s.web.context.ContextLoader            : Root WebApplicationContext: initialization completed in 4144 ms
2019-10-27 16:29:03.248  INFO 8224 --- [main] pertySourcedRequestMappingHandlerMapping : Mapped URL path [/v2/api-docs] onto method [public org.springframework.http.ResponseEntity<springfox.documentation.spring.web.json.Json> springfox.documentation.swagger2.web.Swagger2Controller.getDocumentation(java.lang.String,javax.servlet.http.HttpServletRequest)]
2019-10-27 16:29:03.599  INFO 8224 --- [main] d.s.w.p.DocumentationPluginsBootstrapper : Context refreshed
2019-10-27 16:29:03.652  INFO 8224 --- [main] d.s.w.p.DocumentationPluginsBootstrapper : Found 1 custom documentation plugin(s)
2019-10-27 16:29:03.712  INFO 8224 --- [main] s.d.s.w.s.ApiListingReferenceScanner     : Scanning for api listing references
2019-10-27 16:29:04.057  WARN 8224 --- [main] s.d.s.p.CachingModelPropertiesProvider   : Exception calculating properties for model(tech.wetech.weshop.common.utils.Criteria<tech.wetech.weshop.user.po.User,java.lang.Object>) -> ModelContext{groupName=default, type=tech.wetech.weshop.common.utils.Criteria<tech.wetech.weshop.user.po.User,java.lang.Object>, isReturnType=false}. java.lang.IllegalArgumentException: Can not create TypeBinding for class tech.wetech.weshop.common.utils.Criteria$Statement with 2 type parameters: class expects 1
2019-10-27 16:29:04.059  WARN 8224 --- [main] s.d.s.p.CachingModelPropertiesProvider   : Exception calculating properties for model(tech.wetech.weshop.common.utils.Criteria<tech.wetech.weshop.user.po.User,java.lang.Object>) -> ModelContext{groupName=default, type=tech.wetech.weshop.common.utils.Criteria<tech.wetech.weshop.user.po.User,java.lang.Object>, isReturnType=false}. java.lang.IllegalArgumentException: Can not create TypeBinding for class tech.wetech.weshop.common.utils.Criteria$Statement with 2 type parameters: class expects 1
2019-10-27 16:29:04.217  INFO 8224 --- [main] o.s.b.w.embedded.tomcat.TomcatWebServer  : Tomcat started on port(s): 8080 (http) with context path '/shop'
2019-10-27 16:29:04.223  INFO 8224 --- [main] t.w.weshop.user.WeshopUserApplication    : Started WeshopUserApplication in 6.936 seconds (JVM running for 8.184)
2019-10-27 16:29:16.351  INFO 8224 --- [http-nio-8080-exec-2] o.a.c.c.C.[Tomcat].[localhost].[/shop]   : Initializing Spring DispatcherServlet 'dispatcherServlet'
2019-10-27 16:29:16.351  INFO 8224 --- [http-nio-8080-exec-2] o.s.web.servlet.DispatcherServlet        : Initializing Servlet 'dispatcherServlet'
2019-10-27 16:29:16.359  INFO 8224 --- [http-nio-8080-exec-2] o.s.web.servlet.DispatcherServlet        : Completed initialization in 8 ms
2019-10-27 16:29:16.377  WARN 8224 --- [http-nio-8080-exec-2] o.s.web.servlet.PageNotFound             : No mapping for GET /shop/index.html
2019-10-27 16:29:23.338  WARN 8224 --- [http-nio-8080-exec-1] o.s.web.servlet.PageNotFound             : No mapping for GET /shop/index
2019-10-27 16:29:51.529  WARN 8224 --- [http-nio-8080-exec-9] o.s.web.servlet.PageNotFound             : No mapping for GET /shop/
2019-10-27 16:30:03.671  WARN 8224 --- [http-nio-8080-exec-4] o.s.web.servlet.PageNotFound             : No mapping for GET /shop/
2019-10-27 16:30:17.622  WARN 8224 --- [http-nio-8080-exec-8] o.s.web.servlet.PageNotFound             : No mapping for GET /shop/index
2019-10-27 16:30:54.623  WARN 8224 --- [http-nio-8080-exec-1] o.s.web.servlet.PageNotFound             : No mapping for GET /shop/swagger-ui.html
2019-10-27 16:50:17.523  INFO 8044 --- [main] t.w.weshop.user.WeshopUserApplication    : Starting WeshopUserApplication on LAPTOP-8E5RVM64 with PID 8044 (D:\project\weshopparent\weshopuser\target\classes started by TJR_S in D:\project\weshopparent)
2019-10-27 16:50:17.558 DEBUG 8044 --- [main] t.w.weshop.user.WeshopUserApplication    : Running with Spring Boot v2.1.8.RELEASE, Spring v5.1.9.RELEASE
2019-10-27 16:50:17.559  INFO 8044 --- [main] t.w.weshop.user.WeshopUserApplication    : No active profile set, falling back to default profiles: default
2019-10-27 16:50:21.699  INFO 8044 --- [main] o.s.b.w.embedded.tomcat.TomcatWebServer  : Tomcat initialized with port(s): 8080 (http)
2019-10-27 16:50:21.763  INFO 8044 --- [main] o.apache.catalina.core.StandardService   : Starting service [Tomcat]
2019-10-27 16:50:21.764  INFO 8044 --- [main] org.apache.catalina.core.StandardEngine  : Starting Servlet engine: [Apache Tomcat/9.0.24]
2019-10-27 16:50:22.140  INFO 8044 --- [main] o.a.c.c.C.[Tomcat].[localhost].[/shop]   : Initializing Spring embedded WebApplicationContext
2019-10-27 16:50:22.141  INFO 8044 --- [main] o.s.web.context.ContextLoader            : Root WebApplicationContext: initialization completed in 4368 ms
2019-10-27 16:50:23.097  INFO 8044 --- [main] pertySourcedRequestMappingHandlerMapping : Mapped URL path [/v2/api-docs] onto method [public org.springframework.http.ResponseEntity<springfox.documentation.spring.web.json.Json> springfox.documentation.swagger2.web.Swagger2Controller.getDocumentation(java.lang.String,javax.servlet.http.HttpServletRequest)]
2019-10-27 16:50:23.780  INFO 8044 --- [main] d.s.w.p.DocumentationPluginsBootstrapper : Context refreshed
2019-10-27 16:50:23.829  INFO 8044 --- [main] d.s.w.p.DocumentationPluginsBootstrapper : Found 1 custom documentation plugin(s)
2019-10-27 16:50:23.895  INFO 8044 --- [main] s.d.s.w.s.ApiListingReferenceScanner     : Scanning for api listing references
2019-10-27 16:50:23.948 ERROR 8044 --- [main] org.apache.catalina.util.LifecycleBase   : Failed to start component [Connector[HTTP/1.1-8080]]

org.apache.catalina.LifecycleException: Protocol handler start failed
	at org.apache.catalina.connector.Connector.startInternal(Connector.java:1008)
	at org.apache.catalina.util.LifecycleBase.start(LifecycleBase.java:183)
	at org.apache.catalina.core.StandardService.addConnector(StandardService.java:227)
	at org.springframework.boot.web.embedded.tomcat.TomcatWebServer.addPreviouslyRemovedConnectors(TomcatWebServer.java:263)
	at org.springframework.boot.web.embedded.tomcat.TomcatWebServer.start(TomcatWebServer.java:195)
	at org.springframework.boot.web.servlet.context.ServletWebServerApplicationContext.startWebServer(ServletWebServerApplicationContext.java:297)
	at org.springframework.boot.web.servlet.context.ServletWebServerApplicationContext.finishRefresh(ServletWebServerApplicationContext.java:163)
	at org.springframework.context.support.AbstractApplicationContext.refresh(AbstractApplicationContext.java:552)
	at org.springframework.boot.web.servlet.context.ServletWebServerApplicationContext.refresh(ServletWebServerApplicationContext.java:141)
	at org.springframework.boot.SpringApplication.refresh(SpringApplication.java:744)
	at org.springframework.boot.SpringApplication.refreshContext(SpringApplication.java:391)
	at org.springframework.boot.SpringApplication.run(SpringApplication.java:312)
	at org.springframework.boot.SpringApplication.run(SpringApplication.java:1215)
	at org.springframework.boot.SpringApplication.run(SpringApplication.java:1204)
	at tech.wetech.weshop.user.WeshopUserApplication.main(WeshopUserApplication.java:21)
Caused by: java.net.BindException: Address already in use: bind
	at sun.nio.ch.Net.bind0(Native Method)
	at sun.nio.ch.Net.bind(Net.java:433)
	at sun.nio.ch.Net.bind(Net.java:425)
	at sun.nio.ch.ServerSocketChannelImpl.bind(ServerSocketChannelImpl.java:223)
	at sun.nio.ch.ServerSocketAdaptor.bind(ServerSocketAdaptor.java:74)
	at org.apache.tomcat.util.net.NioEndpoint.initServerSocket(NioEndpoint.java:230)
	at org.apache.tomcat.util.net.NioEndpoint.bind(NioEndpoint.java:213)
	at org.apache.tomcat.util.net.AbstractEndpoint.bindWithCleanup(AbstractEndpoint.java:1124)
	at org.apache.tomcat.util.net.AbstractEndpoint.start(AbstractEndpoint.java:1210)
	at org.apache.coyote.AbstractProtocol.start(AbstractProtocol.java:585)
	at org.apache.catalina.connector.Connector.startInternal(Connector.java:1005)
	... 14 common frames omitted

2019-10-27 16:50:23.955  INFO 8044 --- [main] o.apache.catalina.core.StandardService   : Stopping service [Tomcat]
2019-10-27 16:50:23.970  INFO 8044 --- [main] ConditionEvaluationReportLoggingListener : 

Error starting ApplicationContext. To display the conditions report re-run your application with 'debug' enabled.
2019-10-27 16:50:23.973 ERROR 8044 --- [main] o.s.b.d.LoggingFailureAnalysisReporter   : 

***************************
APPLICATION FAILED TO START
***************************

Description:

The Tomcat connector configured to listen on port 8080 failed to start. The port may already be in use or the connector may be misconfigured.

Action:

Verify the connector's configuration, identify and stop any process that's listening on port 8080, or configure this application to listen on another port.

2019-10-27 16:50:38.556  INFO 18092 --- [main] t.w.weshop.user.WeshopUserApplication    : Starting WeshopUserApplication on LAPTOP-8E5RVM64 with PID 18092 (D:\project\weshopparent\weshopuser\target\classes started by TJR_S in D:\project\weshopparent)
2019-10-27 16:50:38.559 DEBUG 18092 --- [main] t.w.weshop.user.WeshopUserApplication    : Running with Spring Boot v2.1.8.RELEASE, Spring v5.1.9.RELEASE
2019-10-27 16:50:38.560  INFO 18092 --- [main] t.w.weshop.user.WeshopUserApplication    : No active profile set, falling back to default profiles: default
2019-10-27 16:50:41.877  INFO 18092 --- [main] o.s.b.w.embedded.tomcat.TomcatWebServer  : Tomcat initialized with port(s): 8080 (http)
2019-10-27 16:50:41.909  INFO 18092 --- [main] o.apache.catalina.core.StandardService   : Starting service [Tomcat]
2019-10-27 16:50:41.909  INFO 18092 --- [main] org.apache.catalina.core.StandardEngine  : Starting Servlet engine: [Apache Tomcat/9.0.24]
2019-10-27 16:50:42.066  INFO 18092 --- [main] o.a.c.c.C.[Tomcat].[localhost].[/shop]   : Initializing Spring embedded WebApplicationContext
2019-10-27 16:50:42.067  INFO 18092 --- [main] o.s.web.context.ContextLoader            : Root WebApplicationContext: initialization completed in 3350 ms
2019-10-27 16:50:42.632  INFO 18092 --- [main] pertySourcedRequestMappingHandlerMapping : Mapped URL path [/v2/api-docs] onto method [public org.springframework.http.ResponseEntity<springfox.documentation.spring.web.json.Json> springfox.documentation.swagger2.web.Swagger2Controller.getDocumentation(java.lang.String,javax.servlet.http.HttpServletRequest)]
2019-10-27 16:50:43.130  INFO 18092 --- [main] d.s.w.p.DocumentationPluginsBootstrapper : Context refreshed
2019-10-27 16:50:43.176  INFO 18092 --- [main] d.s.w.p.DocumentationPluginsBootstrapper : Found 1 custom documentation plugin(s)
2019-10-27 16:50:43.226  INFO 18092 --- [main] s.d.s.w.s.ApiListingReferenceScanner     : Scanning for api listing references
2019-10-27 16:50:43.293  INFO 18092 --- [main] o.s.b.w.embedded.tomcat.TomcatWebServer  : Tomcat started on port(s): 8080 (http) with context path '/shop'
2019-10-27 16:50:43.297  INFO 18092 --- [main] t.w.weshop.user.WeshopUserApplication    : Started WeshopUserApplication in 5.342 seconds (JVM running for 6.193)
2019-10-27 16:51:04.653  INFO 18092 --- [http-nio-8080-exec-1] o.a.c.c.C.[Tomcat].[localhost].[/shop]   : Initializing Spring DispatcherServlet 'dispatcherServlet'
2019-10-27 16:51:04.654  INFO 18092 --- [http-nio-8080-exec-1] o.s.web.servlet.DispatcherServlet        : Initializing Servlet 'dispatcherServlet'
2019-10-27 16:51:04.662  INFO 18092 --- [http-nio-8080-exec-1] o.s.web.servlet.DispatcherServlet        : Completed initialization in 8 ms
2019-10-27 16:51:04.699  WARN 18092 --- [http-nio-8080-exec-1] o.s.web.servlet.PageNotFound             : No mapping for GET /shop/swagger-ui.html
2019-10-27 16:53:19.495  WARN 18092 --- [http-nio-8080-exec-8] o.s.web.servlet.PageNotFound             : No mapping for GET /shop/swagger-ui.html
2019-10-27 17:05:07.239  INFO 15168 --- [main] t.w.weshop.user.WeshopUserApplication    : Starting WeshopUserApplication on LAPTOP-8E5RVM64 with PID 15168 (D:\project\weshopparent\weshopuser\target\classes started by TJR_S in D:\project\weshopparent)
2019-10-27 17:05:07.245 DEBUG 15168 --- [main] t.w.weshop.user.WeshopUserApplication    : Running with Spring Boot v2.1.8.RELEASE, Spring v5.1.9.RELEASE
2019-10-27 17:05:07.246  INFO 15168 --- [main] t.w.weshop.user.WeshopUserApplication    : No active profile set, falling back to default profiles: default
2019-10-27 17:05:10.798  INFO 15168 --- [main] o.s.b.w.embedded.tomcat.TomcatWebServer  : Tomcat initialized with port(s): 8080 (http)
2019-10-27 17:05:10.834  INFO 15168 --- [main] o.apache.catalina.core.StandardService   : Starting service [Tomcat]
2019-10-27 17:05:10.835  INFO 15168 --- [main] org.apache.catalina.core.StandardEngine  : Starting Servlet engine: [Apache Tomcat/9.0.24]
2019-10-27 17:05:11.009  INFO 15168 --- [main] o.a.c.c.C.[Tomcat].[localhost].[/shop]   : Initializing Spring embedded WebApplicationContext
2019-10-27 17:05:11.010  INFO 15168 --- [main] o.s.web.context.ContextLoader            : Root WebApplicationContext: initialization completed in 3597 ms
2019-10-27 17:05:11.502  INFO 15168 --- [main] pertySourcedRequestMappingHandlerMapping : Mapped URL path [/v2/api-docs] onto method [public org.springframework.http.ResponseEntity<springfox.documentation.spring.web.json.Json> springfox.documentation.swagger2.web.Swagger2Controller.getDocumentation(java.lang.String,javax.servlet.http.HttpServletRequest)]
2019-10-27 17:05:11.842  INFO 15168 --- [main] d.s.w.p.DocumentationPluginsBootstrapper : Context refreshed
2019-10-27 17:05:11.874  INFO 15168 --- [main] d.s.w.p.DocumentationPluginsBootstrapper : Found 1 custom documentation plugin(s)
2019-10-27 17:05:11.911  INFO 15168 --- [main] s.d.s.w.s.ApiListingReferenceScanner     : Scanning for api listing references
2019-10-27 17:05:11.967  INFO 15168 --- [main] o.s.b.w.embedded.tomcat.TomcatWebServer  : Tomcat started on port(s): 8080 (http) with context path '/shop'
2019-10-27 17:05:11.973  INFO 15168 --- [main] t.w.weshop.user.WeshopUserApplication    : Started WeshopUserApplication in 5.316 seconds (JVM running for 6.22)
2019-10-27 17:05:27.467  INFO 15168 --- [http-nio-8080-exec-1] o.a.c.c.C.[Tomcat].[localhost].[/shop]   : Initializing Spring DispatcherServlet 'dispatcherServlet'
2019-10-27 17:05:27.467  INFO 15168 --- [http-nio-8080-exec-1] o.s.web.servlet.DispatcherServlet        : Initializing Servlet 'dispatcherServlet'
2019-10-27 17:05:27.474  INFO 15168 --- [http-nio-8080-exec-1] o.s.web.servlet.DispatcherServlet        : Completed initialization in 7 ms
